[20160919 08:58:06.000439] [INFO] [ContextLoader.java:285] [initWebApplicationContext] Root WebApplicationContext: initialization started
[20160919 08:58:06.000570] [INFO] [AbstractApplicationContext.java:510] [prepareRefresh] Refreshing Root WebApplicationContext: startup date [Mon Sep 19 08:58:06 CST 2016]; root of context hierarchy
[20160919 08:58:06.000632] [INFO] [AutowiredAnnotationBeanPostProcessor.java:153] [<init>] JSR-330 'javax.inject.Inject' annotation found and supported for autowiring
[20160919 08:58:06.000663] [INFO] [ContextLoader.java:325] [initWebApplicationContext] Root WebApplicationContext: initialization completed in 193 ms
[20160919 08:58:06.000757] [INFO] [FrameworkServlet.java:485] [initServletBean] FrameworkServlet 'SpringDispatcher': initialization started
[20160919 08:58:06.000772] [INFO] [AbstractApplicationContext.java:510] [prepareRefresh] Refreshing WebApplicationContext for namespace 'SpringDispatcher-servlet': startup date [Mon Sep 19 08:58:06 CST 2016]; parent: Root WebApplicationContext
[20160919 08:58:06.000819] [INFO] [AnnotationConfigWebApplicationContext.java:243] [loadBeanDefinitions] Found 5 annotated classes in package [org.yeahka]
[20160919 08:58:07.000022] [INFO] [XmlBeanDefinitionReader.java:317] [loadBeanDefinitions] Loading XML bean definitions from class path resource [spring-mybatis-mall.xml]
[20160919 08:58:07.000287] [INFO] [XmlBeanDefinitionReader.java:317] [loadBeanDefinitions] Loading XML bean definitions from class path resource [spring.xml]
[20160919 08:58:07.000553] [INFO] [PropertiesLoaderSupport.java:172] [loadProperties] Loading properties file from class path resource [pay-config.properties]
[20160919 08:58:07.000569] [INFO] [AutowiredAnnotationBeanPostProcessor.java:153] [<init>] JSR-330 'javax.inject.Inject' annotation found and supported for autowiring
[20160919 08:58:07.000975] [INFO] [DruidDataSource.java:669] [init] {dataSource-1} inited
[20160919 08:58:08.000458] [INFO] [AbstractHandlerMethodMapping.java:217] [registerHandlerMethod] Mapped "{[/]}" onto public org.springframework.web.servlet.ModelAndView org.yeahka.controller.HomeController.test(javax.servlet.http.HttpServletResponse) throws java.io.IOException
[20160919 08:58:08.000458] [INFO] [AbstractHandlerMethodMapping.java:217] [registerHandlerMethod] Mapped "{[/getMerchantName]}" onto public java.lang.String org.yeahka.controller.MerchantController.getMerchantName(javax.servlet.http.HttpServletRequest,javax.servlet.http.HttpServletResponse,org.yeahka.controller.PayParams) throws java.io.IOException
[20160919 08:58:08.000458] [INFO] [AbstractHandlerMethodMapping.java:217] [registerHandlerMethod] Mapped "{[/createPayOrder]}" onto public org.springframework.web.servlet.ModelAndView org.yeahka.controller.MerchantController.createPayOrder(javax.servlet.http.HttpServletRequest,javax.servlet.http.HttpServletResponse,org.yeahka.controller.PayParams) throws java.io.IOException
[20160919 08:58:08.000458] [INFO] [AbstractHandlerMethodMapping.java:217] [registerHandlerMethod] Mapped "{[/toWeiXinAuthorize]}" onto public org.springframework.web.servlet.ModelAndView org.yeahka.controller.WeiXinController.toAuthorize(javax.servlet.http.HttpServletRequest,javax.servlet.http.HttpServletResponse,org.yeahka.controller.PayParams) throws java.io.IOException
[20160919 08:58:08.000458] [INFO] [AbstractHandlerMethodMapping.java:217] [registerHandlerMethod] Mapped "{[/createWeiXinOrder]}" onto public java.lang.String org.yeahka.controller.WeiXinController.createWeiXinOrder(javax.servlet.http.HttpServletRequest,javax.servlet.http.HttpServletResponse,org.yeahka.controller.PayParams,java.lang.String) throws java.io.IOException
[20160919 08:58:08.000522] [INFO] [AbstractUrlHandlerMapping.java:314] [registerHandler] Mapped URL path [/resources/**] onto handler of type [class org.springframework.web.servlet.resource.ResourceHttpRequestHandler]
[20160919 08:58:09.000068] [INFO] [RequestMappingHandlerAdapter.java:517] [initControllerAdviceCache] Looking for @ControllerAdvice: WebApplicationContext for namespace 'SpringDispatcher-servlet': startup date [Mon Sep 19 08:58:06 CST 2016]; parent: Root WebApplicationContext
[20160919 08:58:09.000208] [INFO] [FrameworkServlet.java:504] [initServletBean] FrameworkServlet 'SpringDispatcher': initialization completed in 2451 ms
